<?xml version="1.0" encoding="UTF-8"?>
<!-- Generated by org.testng.reporters.JUnitReportReporter -->
<testsuite hostname="DESKTOP-30IQV49" failures="0" tests="2" name="TestNgPractise.BasicsTestNG" time="0.038" errors="0" timestamp="2022-07-18T03:08:13 GMT-07:00" skipped="0">
  <testcase classname="TestNgPractise.BasicsTestNG" name="Demo" time="0.031"/>
  <system-out/>
  <testcase classname="TestNgPractise.BasicsTestNG" name="SecondClass" time="0.007"/>
  <system-out/>
</testsuite> <!-- TestNgPractise.BasicsTestNG -->
