<?xml version="1.0" encoding="UTF-8"?>
<!-- Generated by org.testng.reporters.JUnitReportReporter -->
<testsuite hostname="DESKTOP-30IQV49" failures="0" tests="2" name="TestNgPractise.Day1" time="0.048" errors="0" timestamp="2022-07-21T22:37:56 GMT-07:00" skipped="0">
  <testcase classname="TestNgPractise.Day1" name="Demo" time="0.039"/>
  <system-out/>
  <testcase classname="TestNgPractise.Day1" name="SecondClass" time="0.009"/>
  <system-out/>
</testsuite> <!-- TestNgPractise.Day1 -->
