<?xml version="1.0" encoding="UTF-8"?>
<!-- Generated by org.testng.reporters.JUnitReportReporter -->
<testsuite hostname="DESKTOP-30IQV49" failures="0" tests="2" name="TestNgPractise.Day1" time="0.025" errors="0" timestamp="2022-07-21T23:53:45 GMT-07:00" skipped="0">
  <testcase classname="TestNgPractise.Day1" name="SecondClass" time="0.006"/>
  <system-out/>
  <testcase classname="TestNgPractise.Day1" name="Demo" time="0.019"/>
  <system-out/>
</testsuite> <!-- TestNgPractise.Day1 -->
