<?xml version="1.0" encoding="UTF-8"?>
<!-- Generated by org.testng.reporters.JUnitReportReporter -->
<testsuite hostname="DESKTOP-30IQV49" failures="0" tests="2" name="TestNgPractise.Day3" time="0.007" errors="0" timestamp="2022-07-21T23:53:45 GMT-07:00" skipped="0">
  <testcase classname="TestNgPractise.Day3" name="logout" time="0.005"/>
  <system-out/>
  <testcase classname="TestNgPractise.Day3" name="login" time="0.002"/>
  <system-out/>
</testsuite> <!-- TestNgPractise.Day3 -->
