<?xml version="1.0" encoding="UTF-8"?>
<!-- Generated by org.testng.reporters.JUnitReportReporter -->
<testsuite hostname="DESKTOP-30IQV49" failures="0" tests="1" name="TestNgPractise.Day2" time="0.001" errors="0" timestamp="2022-07-21T23:53:45 GMT-07:00" skipped="0">
  <testcase classname="TestNgPractise.Day2" name="Practical" time="0.001"/>
  <system-out/>
</testsuite> <!-- TestNgPractise.Day2 -->
